0 info it worked if it ends with ok
1 verbose cli [ '/usr/bin/node', '/usr/bin/npm', 'run', 'test' ]
2 info using npm@3.5.2
3 info using node@v8.10.0
4 verbose run-script [ 'pretest', 'test', 'posttest' ]
5 info lifecycle employee-app@0.1.0~pretest: employee-app@0.1.0
6 silly lifecycle employee-app@0.1.0~pretest: no script for pretest, continuing
7 info lifecycle employee-app@0.1.0~test: employee-app@0.1.0
8 verbose lifecycle employee-app@0.1.0~test: unsafe-perm in lifecycle true
9 verbose lifecycle employee-app@0.1.0~test: PATH: /usr/share/npm/bin/node-gyp-bin:/home/gslab/react/frontend/node_modules/.bin:/usr/local/bin/jest:/bin:/usr/bin::/usr/local/include/mongocxx/v_noabi:/usr/local/include/bsoncxx/v_noabi:/home/gslab/CPP_REST_API/lib
10 verbose lifecycle employee-app@0.1.0~test: CWD: /home/gslab/react/frontend
11 silly lifecycle employee-app@0.1.0~test: Args: [ '-c', 'jest' ]
12 silly lifecycle employee-app@0.1.0~test: Returned: code: 1  signal: null
13 info lifecycle employee-app@0.1.0~test: Failed to exec test script
14 verbose stack Error: employee-app@0.1.0 test: `jest`
14 verbose stack Exit status 1
14 verbose stack     at EventEmitter.<anonymous> (/usr/share/npm/lib/utils/lifecycle.js:232:16)
14 verbose stack     at emitTwo (events.js:126:13)
14 verbose stack     at EventEmitter.emit (events.js:214:7)
14 verbose stack     at ChildProcess.<anonymous> (/usr/share/npm/lib/utils/spawn.js:24:14)
14 verbose stack     at emitTwo (events.js:126:13)
14 verbose stack     at ChildProcess.emit (events.js:214:7)
14 verbose stack     at maybeClose (internal/child_process.js:925:16)
14 verbose stack     at Process.ChildProcess._handle.onexit (internal/child_process.js:209:5)
15 verbose pkgid employee-app@0.1.0
16 verbose cwd /home/gslab/react/frontend/src
17 error Linux 5.4.0-51-generic
18 error argv "/usr/bin/node" "/usr/bin/npm" "run" "test"
19 error node v8.10.0
20 error npm  v3.5.2
21 error code ELIFECYCLE
22 error employee-app@0.1.0 test: `jest`
22 error Exit status 1
23 error Failed at the employee-app@0.1.0 test script 'jest'.
23 error Make sure you have the latest version of node.js and npm installed.
23 error If you do, this is most likely a problem with the employee-app package,
23 error not with npm itself.
23 error Tell the author that this fails on your system:
23 error     jest
23 error You can get information on how to open an issue for this project with:
23 error     npm bugs employee-app
23 error Or if that isn't available, you can get their info via:
23 error     npm owner ls employee-app
23 error There is likely additional logging output above.
24 verbose exit [ 1, true ]
